<?xml version="1.0" encoding="utf-8"?><testsuites name="pytest tests"><testsuite name="pytest" errors="0" failures="0" skipped="0" tests="5" time="3.565" timestamp="2026-09-16T07:13:26.917523+00:00" hostname="agent-env-c624cea2-b425-4dfd-b556-06acd1b6f60c"><testcase classname="backend.tests.test_export_dedup" name="test_create_4_identical_loans" time="1.103" /><testcase classname="backend.tests.test_export_dedup" name="test_export_month_dedupes" time="0.212" /><testcase classname="backend.tests.test_export_dedup" name="test_cleanup_duplicates_endpoint" time="0.272" /><testcase classname="backend.tests.test_export_dedup" name="test_different_status_not_deduped" time="0.482" /><testcase classname="backend.tests.test_export_dedup" name="test_full_export_dedup" time="1.298" /></testsuite></testsuites>