<?xml version="1.0" encoding="utf-8"?><testsuites name="pytest tests"><testsuite name="pytest" errors="0" failures="0" skipped="0" tests="3" time="1.599" timestamp="2026-09-03T11:33:24.868327+00:00" hostname="agent-env-c624cea2-b425-4dfd-b556-06acd1b6f60c"><testcase classname="tests.test_import_duplicates_allowed.TestImportDuplicatesAllowed" name="test_first_import_all_rows" time="0.772" /><testcase classname="tests.test_import_duplicates_allowed.TestImportDuplicatesAllowed" name="test_second_import_not_blocked" time="0.076" /><testcase classname="tests.test_import_duplicates_allowed.TestImportDuplicatesAllowed" name="test_all_six_persisted" time="0.524" /></testsuite></testsuites>