<?xml version="1.0" encoding="utf-8"?><testsuites name="pytest tests"><testsuite name="pytest" errors="0" failures="1" skipped="0" tests="4" time="1.314" timestamp="2026-09-03T08:25:43.564074+00:00" hostname="agent-env-c624cea2-b425-4dfd-b556-06acd1b6f60c"><testcase classname="tests.test_import_group_month.TestExcelImportGroupMonth" name="test_import_sets_group_month" time="0.701" /><testcase classname="tests.test_import_group_month.TestExcelImportGroupMonth" name="test_import_duplicate_detection" time="0.071" /><testcase classname="tests.test_import_group_month.TestOptionalCompanyContact" name="test_create_loan_with_empty_company_and_contact" time="0.115" /><testcase classname="tests.test_import_group_month.TestOptionalCompanyContact" name="test_create_loan_without_company_and_contact" time="0.224"><failure message="AssertionError: 422: {&quot;detail&quot;:[{&quot;type&quot;:&quot;missing&quot;,&quot;loc&quot;:[&quot;body&quot;,&quot;company_name&quot;],&quot;msg&quot;:&quot;Field required&quot;,&quot;input&quot;:{&quot;agent_name&quot;:&quot;Admin User&quot;,&quot;customer_name&quot;:&quot;TEST_IMP_Alpha_NOCOMP&quot;,&quot;status&quot;:&quot;Pending&quot;,&quot;bank&quot;:&quot;SBI&quot;,&quot;month&quot;:&quot;Apr-2026&quot;,&quot;group_month&quot;:&quot;Apr-2026&quot;},&quot;url&quot;:&quot;https://errors.pydantic.dev/2.12/v/missing&quot;},{&quot;type&quot;:&quot;missing&quot;,&quot;loc&quot;:[&quot;body&quot;,&quot;contact_no&quot;],&quot;msg&quot;:&quot;Field required&quot;,&quot;input&quot;:{&quot;agent_name&quot;:&quot;Admin User&quot;,&quot;customer_name&quot;:&quot;TEST_IMP_Alpha_NOCOMP&quot;,&quot;status&quot;:&quot;Pending&quot;,&quot;bank&quot;:&quot;SBI&quot;,&quot;month&quot;:&quot;Apr-2026&quot;,&quot;group_month&quot;:&quot;Apr-&#10;assert 422 in (200, 201)&#10; +  where 422 = &lt;Response [422]&gt;.status_code">E   AssertionError: 422: {"detail":[{"type":"missing","loc":["body","company_name"],"msg":"Field required","input":{"agent_name":"Admin User","customer_name":"TEST_IMP_Alpha_NOCOMP","status":"Pending","bank":"SBI","month":"Apr-2026","group_month":"Apr-2026"},"url":"https://errors.pydantic.dev/2.12/v/missing"},{"type":"missing","loc":["body","contact_no"],"msg":"Field required","input":{"agent_name":"Admin User","customer_name":"TEST_IMP_Alpha_NOCOMP","status":"Pending","bank":"SBI","month":"Apr-2026","group_month":"Apr-
    assert 422 in (200, 201)
     +  where 422 = &lt;Response [422]&gt;.status_code</failure></testcase></testsuite></testsuites>