<?xml version="1.0" encoding="utf-8"?><testsuites name="pytest tests"><testsuite name="pytest" errors="0" failures="0" skipped="0" tests="9" time="3.321" timestamp="2026-08-04T11:13:37.884295+00:00" hostname="agent-env-81b32224-505e-47db-9944-b52368821fcb"><testcase classname="tests.test_leaderboard_mis_filters.TestTeamLeaderboard" name="test_leaderboard_no_500" time="2.530" /><testcase classname="tests.test_leaderboard_mis_filters.TestTeamLeaderboard" name="test_leaderboard_entry_shape_and_sorting" time="0.047" /><testcase classname="tests.test_leaderboard_mis_filters.TestTeamLeaderboard" name="test_leaderboard_with_month_filter" time="0.084" /><testcase classname="tests.test_leaderboard_mis_filters.TestTeamLeaderboard" name="test_leaderboard_bad_data_resilience" time="0.180" /><testcase classname="tests.test_leaderboard_mis_filters.TestTeamLeaderboard" name="test_leaderboard_requires_auth" time="0.096" /><testcase classname="tests.test_leaderboard_mis_filters.TestMISFilterData" name="test_master_branches" time="0.047" /><testcase classname="tests.test_leaderboard_mis_filters.TestMISFilterData" name="test_master_locations" time="0.043" /><testcase classname="tests.test_leaderboard_mis_filters.TestMISFilterData" name="test_loans_expose_branch_location_fields" time="0.047" /><testcase classname="tests.test_leaderboard_mis_filters.TestMISFilterData" name="test_branch_location_persist_on_create" time="0.182" /></testsuite></testsuites>