<?xml version="1.0" encoding="utf-8"?><testsuites name="pytest tests"><testsuite name="pytest" errors="0" failures="0" skipped="0" tests="5" time="1.261" timestamp="2026-08-06T09:43:41.464107+00:00" hostname="agent-env-81b32224-505e-47db-9944-b52368821fcb"><testcase classname="tests.test_mis_freeze_totals.TestLeaderboard" name="test_team_leaderboard_200" time="0.728" /><testcase classname="tests.test_mis_freeze_totals.TestLeaderboard" name="test_team_leaderboard_requires_auth" time="0.221" /><testcase classname="tests.test_mis_freeze_totals.TestCompanyCleanup" name="test_companies_list" time="0.084" /><testcase classname="tests.test_mis_freeze_totals.TestCompanyCleanup" name="test_loan_company_names_normalized" time="0.090" /><testcase classname="tests.test_mis_freeze_totals.TestLoansTotals" name="test_loans_numeric_fields_parseable" time="0.082" /></testsuite></testsuites>