<?xml version="1.0" encoding="utf-8"?><testsuites name="pytest tests"><testsuite name="pytest" errors="0" failures="0" skipped="0" tests="4" time="4.096" timestamp="2026-09-16T07:26:52.632643+00:00" hostname="agent-env-c624cea2-b425-4dfd-b556-06acd1b6f60c"><testcase classname="backend.tests.test_month_export.TestMonthExport" name="test_export_apr_2026_contains_only_april" time="1.712" /><testcase classname="backend.tests.test_month_export.TestMonthExport" name="test_export_aug_2026_contains_only_august" time="0.169" /><testcase classname="backend.tests.test_month_export.TestMonthExport" name="test_export_jul_2026_excludes_cross_loan" time="0.151" /><testcase classname="backend.tests.test_month_export.TestCleanupDuplicates" name="test_cleanup_removes_duplicates" time="1.878" /></testsuite></testsuites>