<?xml version="1.0" encoding="utf-8"?><testsuites name="pytest tests"><testsuite name="pytest" errors="0" failures="0" skipped="0" tests="5" time="3.827" timestamp="2026-09-25T06:44:46.619730+00:00" hostname="agent-env-c624cea2-b425-4dfd-b556-06acd1b6f60c"><testcase classname="backend.tests.test_month_export_count.TestMonthExportCount" name="test_sep_2026_export_matches_ui_count" time="1.658" /><testcase classname="backend.tests.test_month_export_count.TestMonthExportCount" name="test_oct_2026_export_matches_ui_count" time="0.271" /><testcase classname="backend.tests.test_month_export_count.TestMonthExportCount" name="test_apr_2026_export_matches_ui_count" time="0.277" /><testcase classname="backend.tests.test_month_export_count.TestMonthExportCount" name="test_export_no_cross_month_leakage" time="0.286" /><testcase classname="backend.tests.test_month_export_count.TestAgentRBACExport" name="test_agent_export_only_own_loans" time="0.983" /></testsuite></testsuites>