<?xml version="1.0" encoding="utf-8"?><testsuites name="pytest tests"><testsuite name="pytest" errors="0" failures="0" skipped="0" tests="11" time="4.744" timestamp="2026-04-10T06:40:24.746058+00:00" hostname="agent-env-1a82b7e2-1a38-4600-a279-2951d1e5e89b"><testcase classname="backend.tests.test_bank_name_mismatch_fix.TestBankNameMismatchFix" name="test_dhruvi_login_and_check_assigned_banks" time="0.527" /><testcase classname="backend.tests.test_bank_name_mismatch_fix.TestBankNameMismatchFix" name="test_dhruvi_sees_loan_with_bank_yes_bank" time="0.367" /><testcase classname="backend.tests.test_bank_name_mismatch_fix.TestBankNameMismatchFix" name="test_dhruvi_sees_all_her_own_loans" time="0.366" /><testcase classname="backend.tests.test_bank_name_mismatch_fix.TestBankNameMismatchFix" name="test_jyoti_sees_all_team_loans" time="0.402" /><testcase classname="backend.tests.test_bank_name_mismatch_fix.TestBankNameMismatchFix" name="test_agent_creates_loan_with_mismatched_bank_and_sees_it" time="0.728" /><testcase classname="backend.tests.test_bank_name_mismatch_fix.TestBankNameMismatchFix" name="test_dhruvi_analytics_overview" time="0.381" /><testcase classname="backend.tests.test_bank_name_mismatch_fix.TestBankNameMismatchFix" name="test_dhruvi_analytics_unique_values" time="0.378" /><testcase classname="backend.tests.test_bank_name_mismatch_fix.TestBankNameMismatchFix" name="test_dhruvi_analytics_team_leaderboard" time="0.365" /><testcase classname="backend.tests.test_bank_name_mismatch_fix.TestBankNameMismatchFix" name="test_jyoti_analytics_overview" time="0.366" /><testcase classname="backend.tests.test_bank_name_mismatch_fix.TestBankNameMismatchFix" name="test_dhruvi_search_by_customer_name" time="0.375" /><testcase classname="backend.tests.test_bank_name_mismatch_fix.TestBankNameMismatchFix" name="test_admin_sees_all_loans" time="0.370" /></testsuite></testsuites>