<?xml version="1.0" encoding="utf-8"?><testsuites name="pytest tests"><testsuite name="pytest" errors="0" failures="0" skipped="0" tests="24" time="5.618" timestamp="2026-04-02T12:11:12.404827+00:00" hostname="agent-env-6e24ee89-42fd-4d5a-b900-bc8c8b2806db"><testcase classname="backend.tests.test_master_new_categories.TestMasterCompanies" name="test_get_companies_returns_sorted_list" time="0.626" /><testcase classname="backend.tests.test_master_new_categories.TestMasterCompanies" name="test_add_company_admin" time="0.101" /><testcase classname="backend.tests.test_master_new_categories.TestMasterCompanies" name="test_duplicate_company_returns_400" time="0.123" /><testcase classname="backend.tests.test_master_new_categories.TestMasterCompanies" name="test_duplicate_company_case_insensitive" time="0.104" /><testcase classname="backend.tests.test_master_new_categories.TestMasterCompanies" name="test_update_company_admin" time="0.120" /><testcase classname="backend.tests.test_master_new_categories.TestMasterCompanies" name="test_add_company_agent_forbidden" time="0.418" /><testcase classname="backend.tests.test_master_new_categories.TestMasterCompanies" name="test_agent_can_view_companies" time="0.099" /><testcase classname="backend.tests.test_master_new_categories.TestMasterCompanies" name="test_delete_company_admin" time="0.101" /><testcase classname="backend.tests.test_master_new_categories.TestMasterBranches" name="test_get_branches_returns_sorted_list" time="0.433" /><testcase classname="backend.tests.test_master_new_categories.TestMasterBranches" name="test_add_branch_admin" time="0.107" /><testcase classname="backend.tests.test_master_new_categories.TestMasterBranches" name="test_duplicate_branch_returns_400" time="0.094" /><testcase classname="backend.tests.test_master_new_categories.TestMasterBranches" name="test_update_branch_admin" time="0.157" /><testcase classname="backend.tests.test_master_new_categories.TestMasterBranches" name="test_add_branch_agent_forbidden" time="0.532" /><testcase classname="backend.tests.test_master_new_categories.TestMasterBranches" name="test_delete_branch_admin" time="0.099" /><testcase classname="backend.tests.test_master_new_categories.TestMasterLocations" name="test_get_locations_returns_sorted_list" time="0.418" /><testcase classname="backend.tests.test_master_new_categories.TestMasterLocations" name="test_add_location_admin" time="0.098" /><testcase classname="backend.tests.test_master_new_categories.TestMasterLocations" name="test_duplicate_location_returns_400" time="0.102" /><testcase classname="backend.tests.test_master_new_categories.TestMasterLocations" name="test_update_location_admin" time="0.123" /><testcase classname="backend.tests.test_master_new_categories.TestMasterLocations" name="test_add_location_agent_forbidden" time="0.473" /><testcase classname="backend.tests.test_master_new_categories.TestMasterLocations" name="test_delete_location_admin" time="0.104" /><testcase classname="backend.tests.test_master_new_categories.TestBackupStats" name="test_backup_stats_includes_new_collections" time="0.435" /><testcase classname="backend.tests.test_master_new_categories.TestExistingMasterData" name="test_existing_companies" time="0.456" /><testcase classname="backend.tests.test_master_new_categories.TestExistingMasterData" name="test_existing_branches" time="0.112" /><testcase classname="backend.tests.test_master_new_categories.TestExistingMasterData" name="test_existing_locations" time="0.103" /></testsuite></testsuites>