<?xml version="1.0" encoding="utf-8"?><testsuites name="pytest tests"><testsuite name="pytest" errors="0" failures="0" skipped="0" tests="10" time="2.493" timestamp="2026-08-06T10:27:45.757373+00:00" hostname="agent-env-c624cea2-b425-4dfd-b556-06acd1b6f60c"><testcase classname="tests.test_master_customers_execs_managers" name="test_get_returns_array[customers]" time="0.542" /><testcase classname="tests.test_master_customers_execs_managers" name="test_get_returns_array[executives]" time="0.061" /><testcase classname="tests.test_master_customers_execs_managers" name="test_get_returns_array[managers]" time="0.057" /><testcase classname="tests.test_master_customers_execs_managers" name="test_customer_create_persist_update_delete" time="0.444" /><testcase classname="tests.test_master_customers_execs_managers" name="test_customer_missing_name_400" time="0.054" /><testcase classname="tests.test_master_customers_execs_managers" name="test_simple_master_crud[executives-TEST_Exec_QA]" time="0.389" /><testcase classname="tests.test_master_customers_execs_managers" name="test_simple_master_crud[managers-TEST_Mgr_QA]" time="0.407" /><testcase classname="tests.test_master_customers_execs_managers" name="test_requires_auth[customers]" time="0.132" /><testcase classname="tests.test_master_customers_execs_managers" name="test_requires_auth[executives]" time="0.139" /><testcase classname="tests.test_master_customers_execs_managers" name="test_requires_auth[managers]" time="0.163" /></testsuite></testsuites>