<?xml version="1.0" encoding="utf-8"?><testsuites name="pytest tests"><testsuite name="pytest" errors="0" failures="0" skipped="0" tests="16" time="5.994" timestamp="2026-09-02T09:02:01.351486+00:00" hostname="agent-env-c624cea2-b425-4dfd-b556-06acd1b6f60c"><testcase classname="tests.test_master_rename_propagation" name="test_master_entry_autocreated_from_loan[customers]" time="0.591" /><testcase classname="tests.test_master_rename_propagation" name="test_master_entry_autocreated_from_loan[executives]" time="0.078" /><testcase classname="tests.test_master_rename_propagation" name="test_master_entry_autocreated_from_loan[managers]" time="0.074" /><testcase classname="tests.test_master_rename_propagation" name="test_master_entry_autocreated_from_loan[banks]" time="0.067" /><testcase classname="tests.test_master_rename_propagation" name="test_master_entry_autocreated_from_loan[agents]" time="0.131" /><testcase classname="tests.test_master_rename_propagation" name="test_master_entry_autocreated_from_loan[companies]" time="0.067" /><testcase classname="tests.test_master_rename_propagation" name="test_rename_propagates_to_loans[customers]" time="0.539" /><testcase classname="tests.test_master_rename_propagation" name="test_rename_propagates_to_loans[executives]" time="0.576" /><testcase classname="tests.test_master_rename_propagation" name="test_rename_propagates_to_loans[managers]" time="0.550" /><testcase classname="tests.test_master_rename_propagation" name="test_rename_propagates_to_loans[banks]" time="0.543" /><testcase classname="tests.test_master_rename_propagation" name="test_rename_propagates_to_loans[agents]" time="0.548" /><testcase classname="tests.test_master_rename_propagation" name="test_rename_propagates_to_loans[companies]" time="0.546" /><testcase classname="tests.test_master_rename_propagation" name="test_non_admin_cannot_rename" time="0.419" /><testcase classname="tests.test_master_rename_propagation" name="test_duplicate_rename_rejected" time="0.130" /><testcase classname="tests.test_master_rename_propagation" name="test_rename_propagates_when_loan_value_has_whitespace" time="0.544" /><testcase classname="tests.test_master_rename_propagation" name="test_rename_unknown_id_404" time="0.536" /></testsuite></testsuites>