<?xml version="1.0" encoding="utf-8"?><testsuites name="pytest tests"><testsuite name="pytest" errors="0" failures="0" skipped="0" tests="13" time="2.409" timestamp="2026-04-04T09:51:49.056504+00:00" hostname="agent-env-ee451ede-d1af-484c-b58f-64bbb9bc1ecd"><testcase classname="backend.tests.test_db_backup_import.TestBackupStats" name="test_admin_can_get_stats" time="0.625" /><testcase classname="backend.tests.test_db_backup_import.TestBackupStats" name="test_agent_cannot_get_stats" time="0.444" /><testcase classname="backend.tests.test_db_backup_import.TestBackupStats" name="test_unauthenticated_cannot_get_stats" time="0.108" /><testcase classname="backend.tests.test_db_backup_import.TestBackupDownload" name="test_admin_can_download_backup" time="0.115" /><testcase classname="backend.tests.test_db_backup_import.TestBackupDownload" name="test_agent_cannot_download_backup" time="0.112" /><testcase classname="backend.tests.test_db_backup_import.TestBackupDownload" name="test_unauthenticated_cannot_download" time="0.106" /><testcase classname="backend.tests.test_db_backup_import.TestBackupImport" name="test_admin_can_import_merge_mode" time="0.124" /><testcase classname="backend.tests.test_db_backup_import.TestBackupImport" name="test_admin_can_import_replace_mode" time="0.098" /><testcase classname="backend.tests.test_db_backup_import.TestBackupImport" name="test_agent_cannot_import" time="0.099" /><testcase classname="backend.tests.test_db_backup_import.TestBackupImport" name="test_invalid_json_returns_400" time="0.102" /><testcase classname="backend.tests.test_db_backup_import.TestBackupImport" name="test_merge_skips_duplicates" time="0.299" /><testcase classname="backend.tests.test_db_backup_import.TestImportResultDetails" name="test_import_returns_per_collection_counts" time="0.107" /><testcase classname="backend.tests.test_db_backup_import.TestCleanup" name="test_cleanup_test_data" time="0.000" /></testsuite></testsuites>