<?xml version="1.0" encoding="utf-8"?><testsuites name="pytest tests"><testsuite name="pytest" errors="0" failures="0" skipped="0" tests="3" time="1.578" timestamp="2026-09-04T07:27:18.904619+00:00" hostname="agent-env-c624cea2-b425-4dfd-b556-06acd1b6f60c"><testcase classname="tests.test_import_category_product.TestCategoryProductImport" name="test_standard_column_names" time="0.714" /><testcase classname="tests.test_import_category_product.TestCategoryProductImport" name="test_alternate_column_names" time="0.148" /><testcase classname="tests.test_import_category_product.TestCategoryProductImport" name="test_loan_product_alias" time="0.549" /></testsuite></testsuites>