<?xml version="1.0" encoding="utf-8"?><testsuites name="pytest tests"><testsuite name="pytest" errors="0" failures="0" skipped="0" tests="15" time="3.751" timestamp="2026-04-04T09:19:50.430737+00:00" hostname="agent-env-ee451ede-d1af-484c-b58f-64bbb9bc1ecd"><testcase classname="backend.tests.test_bulk_operations.TestBulkStatusUpdate" name="test_bulk_status_update_admin" time="0.779" /><testcase classname="backend.tests.test_bulk_operations.TestBulkStatusUpdate" name="test_bulk_status_update_manager" time="0.428" /><testcase classname="backend.tests.test_bulk_operations.TestBulkStatusUpdate" name="test_bulk_status_update_agent" time="0.426" /><testcase classname="backend.tests.test_bulk_operations.TestBulkStatusUpdate" name="test_bulk_status_update_empty_ids" time="0.107" /><testcase classname="backend.tests.test_bulk_operations.TestBulkStatusUpdate" name="test_bulk_status_update_missing_status" time="0.100" /><testcase classname="backend.tests.test_bulk_operations.TestBulkStatusUpdate" name="test_bulk_status_verify_persistence" time="0.216" /><testcase classname="backend.tests.test_bulk_operations.TestBulkDelete" name="test_bulk_delete_admin_only" time="0.309" /><testcase classname="backend.tests.test_bulk_operations.TestBulkDelete" name="test_bulk_delete_agent_forbidden" time="0.097" /><testcase classname="backend.tests.test_bulk_operations.TestBulkDelete" name="test_bulk_delete_manager_forbidden" time="0.106" /><testcase classname="backend.tests.test_bulk_operations.TestBulkDelete" name="test_bulk_delete_empty_ids" time="0.097" /><testcase classname="backend.tests.test_bulk_operations.TestBulkDelete" name="test_bulk_delete_verify_removal" time="0.295" /><testcase classname="backend.tests.test_bulk_operations.TestMasterDataForFilters" name="test_get_categories" time="0.099" /><testcase classname="backend.tests.test_bulk_operations.TestMasterDataForFilters" name="test_get_products" time="0.104" /><testcase classname="backend.tests.test_bulk_operations.TestMasterDataForFilters" name="test_get_banks" time="0.109" /><testcase classname="backend.tests.test_bulk_operations.TestStatusesForBulkUpdate" name="test_get_statuses" time="0.410" /></testsuite></testsuites>