<?xml version="1.0" encoding="utf-8"?><testsuites name="pytest tests"><testsuite name="pytest" errors="0" failures="0" skipped="0" tests="25" time="15.532" timestamp="2026-09-02T09:06:24.374322+00:00" hostname="agent-env-c624cea2-b425-4dfd-b556-06acd1b6f60c"><testcase classname="tests.test_master_rename_propagation" name="test_master_entry_autocreated_from_loan[customers]" time="0.708" /><testcase classname="tests.test_master_rename_propagation" name="test_master_entry_autocreated_from_loan[executives]" time="0.063" /><testcase classname="tests.test_master_rename_propagation" name="test_master_entry_autocreated_from_loan[managers]" time="0.060" /><testcase classname="tests.test_master_rename_propagation" name="test_master_entry_autocreated_from_loan[banks]" time="0.060" /><testcase classname="tests.test_master_rename_propagation" name="test_master_entry_autocreated_from_loan[agents]" time="0.119" /><testcase classname="tests.test_master_rename_propagation" name="test_master_entry_autocreated_from_loan[companies]" time="0.061" /><testcase classname="tests.test_master_rename_propagation" name="test_rename_propagates_to_loans[customers]" time="0.491" /><testcase classname="tests.test_master_rename_propagation" name="test_rename_propagates_to_loans[executives]" time="0.489" /><testcase classname="tests.test_master_rename_propagation" name="test_rename_propagates_to_loans[managers]" time="0.507" /><testcase classname="tests.test_master_rename_propagation" name="test_rename_propagates_to_loans[banks]" time="0.490" /><testcase classname="tests.test_master_rename_propagation" name="test_rename_propagates_to_loans[agents]" time="0.476" /><testcase classname="tests.test_master_rename_propagation" name="test_rename_propagates_to_loans[companies]" time="0.477" /><testcase classname="tests.test_master_rename_propagation" name="test_non_admin_cannot_rename" time="0.504" /><testcase classname="tests.test_master_rename_propagation" name="test_duplicate_rename_rejected" time="0.117" /><testcase classname="tests.test_master_rename_propagation" name="test_rename_propagates_when_loan_value_has_whitespace" time="0.490" /><testcase classname="tests.test_master_rename_propagation" name="test_rename_unknown_id_404" time="0.481" /><testcase classname="tests.test_master_rename_edge_cases" name="test_rename_tolerates_whitespace_and_case[customers]" time="1.707" /><testcase classname="tests.test_master_rename_edge_cases" name="test_rename_tolerates_whitespace_and_case[executives]" time="1.265" /><testcase classname="tests.test_master_rename_edge_cases" name="test_rename_tolerates_whitespace_and_case[managers]" time="1.250" /><testcase classname="tests.test_master_rename_edge_cases" name="test_rename_tolerates_whitespace_and_case[banks]" time="1.314" /><testcase classname="tests.test_master_rename_edge_cases" name="test_rename_tolerates_whitespace_and_case[agents]" time="1.381" /><testcase classname="tests.test_master_rename_edge_cases" name="test_rename_tolerates_whitespace_and_case[companies]" time="1.246" /><testcase classname="tests.test_master_rename_edge_cases" name="test_rename_with_regex_metacharacters" time="0.821" /><testcase classname="tests.test_master_rename_edge_cases" name="test_rename_does_not_affect_prefix_matches" time="0.821" /><testcase classname="tests.test_master_rename_edge_cases" name="test_no_untrimmed_loan_fields_remain" time="0.066" /></testsuite></testsuites>