<?xml version="1.0" encoding="utf-8"?><testsuites name="pytest tests"><testsuite name="pytest" errors="0" failures="0" skipped="0" tests="9" time="4.085" timestamp="2026-04-02T13:44:07.492620+00:00" hostname="agent-env-ee451ede-d1af-484c-b58f-64bbb9bc1ecd"><testcase classname="tests.test_category_product_features.TestCategoryProductFeatures" name="test_get_master_categories_returns_list" time="0.406" /><testcase classname="tests.test_category_product_features.TestCategoryProductFeatures" name="test_master_categories_contains_expected_values" time="0.376" /><testcase classname="tests.test_category_product_features.TestCategoryProductFeatures" name="test_get_master_products_returns_list" time="0.381" /><testcase classname="tests.test_category_product_features.TestCategoryProductFeatures" name="test_master_products_contains_expected_values" time="0.374" /><testcase classname="tests.test_category_product_features.TestCategoryProductFeatures" name="test_create_loan_with_category_and_product" time="0.615" /><testcase classname="tests.test_category_product_features.TestCategoryProductFeatures" name="test_create_loan_with_empty_category_product" time="0.449" /><testcase classname="tests.test_category_product_features.TestCategoryProductFeatures" name="test_update_loan_category_and_product" time="0.556" /><testcase classname="tests.test_category_product_features.TestCategoryProductFeatures" name="test_update_loan_clear_category_product" time="0.503" /><testcase classname="tests.test_category_product_features.TestCategoryProductFeatures" name="test_loans_list_includes_category_product_fields" time="0.374" /></testsuite></testsuites>