<?xml version="1.0" encoding="utf-8"?><testsuites name="pytest tests"><testsuite name="pytest" errors="0" failures="0" skipped="0" tests="12" time="3.183" timestamp="2026-04-04T08:42:00.288843+00:00" hostname="agent-env-ee451ede-d1af-484c-b58f-64bbb9bc1ecd"><testcase classname="backend.tests.test_user_category_product_assignment.TestUserCategoryProductAssignment" name="test_admin_login_success" time="0.502" /><testcase classname="backend.tests.test_user_category_product_assignment.TestUserCategoryProductAssignment" name="test_agent_login_success" time="0.322" /><testcase classname="backend.tests.test_user_category_product_assignment.TestUserCategoryProductAssignment" name="test_get_users_returns_categories_and_products" time="0.432" /><testcase classname="backend.tests.test_user_category_product_assignment.TestUserCategoryProductAssignment" name="test_update_user_with_categories_and_products" time="0.217" /><testcase classname="backend.tests.test_user_category_product_assignment.TestUserCategoryProductAssignment" name="test_update_user_verify_persistence" time="0.105" /><testcase classname="backend.tests.test_user_category_product_assignment.TestUserCategoryProductAssignment" name="test_register_user_with_categories_and_products" time="0.439" /><testcase classname="backend.tests.test_user_category_product_assignment.TestLoanFilteringByCategoryProduct" name="test_agent_sees_filtered_loans" time="0.484" /><testcase classname="backend.tests.test_user_category_product_assignment.TestLoanFilteringByCategoryProduct" name="test_admin_sees_all_loans" time="0.155" /><testcase classname="backend.tests.test_user_category_product_assignment.TestLoanFilteringByCategoryProduct" name="test_auth_me_returns_assignments" time="0.140" /><testcase classname="backend.tests.test_user_category_product_assignment.TestMasterDataEndpoints" name="test_get_master_categories" time="0.106" /><testcase classname="backend.tests.test_user_category_product_assignment.TestMasterDataEndpoints" name="test_get_master_products" time="0.107" /><testcase classname="backend.tests.test_user_category_product_assignment.TestMasterDataEndpoints" name="test_get_master_banks" time="0.101" /></testsuite></testsuites>