<?xml version="1.0" encoding="utf-8"?><testsuites name="pytest tests"><testsuite name="pytest" errors="0" failures="0" skipped="0" tests="13" time="8.754" timestamp="2026-04-02T13:03:11.947530+00:00" hostname="agent-env-6e24ee89-42fd-4d5a-b900-bc8c8b2806db"><testcase classname="backend.tests.test_rbac_page_access.TestAuthAndRoles" name="test_admin_login_returns_admin_role" time="2.785" /><testcase classname="backend.tests.test_rbac_page_access.TestAuthAndRoles" name="test_manager_login_returns_manager_role" time="0.447" /><testcase classname="backend.tests.test_rbac_page_access.TestAuthAndRoles" name="test_agent_login_returns_agent_role_with_banks" time="0.454" /><testcase classname="backend.tests.test_rbac_page_access.TestAgentLoanFiltering" name="test_agent_loans_only_from_assigned_banks" time="0.788" /><testcase classname="backend.tests.test_rbac_page_access.TestAgentLoanFiltering" name="test_admin_sees_all_loans_including_icici" time="0.453" /><testcase classname="backend.tests.test_rbac_page_access.TestManagerLoanFiltering" name="test_manager_sees_team_loans" time="0.451" /><testcase classname="backend.tests.test_rbac_page_access.TestAgentAnalyticsFiltering" name="test_agent_analytics_overview_filtered" time="0.435" /><testcase classname="backend.tests.test_rbac_page_access.TestAgentAnalyticsFiltering" name="test_admin_analytics_overview_unfiltered" time="0.434" /><testcase classname="backend.tests.test_rbac_page_access.TestManagerAnalyticsFiltering" name="test_manager_analytics_overview_team_filtered" time="0.446" /><testcase classname="backend.tests.test_rbac_page_access.TestManagerAnalyticsFiltering" name="test_manager_analytics_by_bank_team_filtered" time="0.119" /><testcase classname="backend.tests.test_rbac_page_access.TestAdminOnlyEndpoints" name="test_agent_cannot_access_users_endpoint" time="0.439" /><testcase classname="backend.tests.test_rbac_page_access.TestAdminOnlyEndpoints" name="test_manager_cannot_access_users_endpoint" time="0.478" /><testcase classname="backend.tests.test_rbac_page_access.TestCompareAgentVsAdminLoanCounts" name="test_agent_sees_fewer_loans_than_admin" time="0.958" /></testsuite></testsuites>