<?xml version="1.0" encoding="utf-8"?><testsuites name="pytest tests"><testsuite name="pytest" errors="0" failures="0" skipped="0" tests="18" time="3.374" timestamp="2026-04-02T11:58:58.170293+00:00" hostname="agent-env-6e24ee89-42fd-4d5a-b900-bc8c8b2806db"><testcase classname="backend.tests.test_master_backup.TestMasterBanks" name="test_get_master_banks" time="0.551" /><testcase classname="backend.tests.test_master_backup.TestMasterBanks" name="test_add_master_bank_admin" time="0.144" /><testcase classname="backend.tests.test_master_backup.TestMasterBanks" name="test_add_duplicate_bank_returns_400" time="0.233" /><testcase classname="backend.tests.test_master_backup.TestMasterBanks" name="test_update_master_bank" time="0.202" /><testcase classname="backend.tests.test_master_backup.TestMasterBanks" name="test_delete_master_bank" time="0.206" /><testcase classname="backend.tests.test_master_backup.TestMasterBanks" name="test_agent_cannot_add_bank" time="0.418" /><testcase classname="backend.tests.test_master_backup.TestMasterBanks" name="test_agent_can_view_banks" time="0.106" /><testcase classname="backend.tests.test_master_backup.TestMasterAgents" name="test_get_master_agents" time="0.105" /><testcase classname="backend.tests.test_master_backup.TestMasterAgents" name="test_add_master_agent_admin" time="0.161" /><testcase classname="backend.tests.test_master_backup.TestMasterAgents" name="test_update_master_agent" time="0.190" /><testcase classname="backend.tests.test_master_backup.TestMasterAgents" name="test_delete_master_agent" time="0.170" /><testcase classname="backend.tests.test_master_backup.TestMasterAgents" name="test_agent_cannot_add_agent" time="0.101" /><testcase classname="backend.tests.test_master_backup.TestDBBackup" name="test_get_backup_stats_admin" time="0.145" /><testcase classname="backend.tests.test_master_backup.TestDBBackup" name="test_download_backup_admin" time="0.107" /><testcase classname="backend.tests.test_master_backup.TestDBBackup" name="test_agent_cannot_get_backup_stats" time="0.107" /><testcase classname="backend.tests.test_master_backup.TestDBBackup" name="test_agent_cannot_download_backup" time="0.127" /><testcase classname="backend.tests.test_master_backup.TestMasterDataInForms" name="test_master_banks_sorted" time="0.117" /><testcase classname="backend.tests.test_master_backup.TestMasterDataInForms" name="test_master_agents_sorted" time="0.097" /></testsuite></testsuites>