<?xml version="1.0" encoding="utf-8"?><testsuites name="pytest tests"><testsuite name="pytest" errors="0" failures="0" skipped="0" tests="13" time="3.151" timestamp="2026-04-02T12:53:50.218982+00:00" hostname="agent-env-6e24ee89-42fd-4d5a-b900-bc8c8b2806db"><testcase classname="backend.tests.test_bank_assignment.TestUserAssignedBanksField" name="test_get_users_includes_assigned_banks" time="0.495" /><testcase classname="backend.tests.test_bank_assignment.TestUserAssignedBanksField" name="test_agent_has_sbi_hdfc_assigned" time="0.109" /><testcase classname="backend.tests.test_bank_assignment.TestUpdateUserAssignedBanks" name="test_update_user_assigned_banks" time="0.230" /><testcase classname="backend.tests.test_bank_assignment.TestAgentBankFiltering" name="test_agent_sees_only_assigned_bank_loans" time="0.559" /><testcase classname="backend.tests.test_bank_assignment.TestAgentBankFiltering" name="test_agent_does_not_see_icici_loans" time="0.119" /><testcase classname="backend.tests.test_bank_assignment.TestAgentBankFiltering" name="test_agent_sees_sbi_loans" time="0.111" /><testcase classname="backend.tests.test_bank_assignment.TestAgentBankFiltering" name="test_agent_sees_hdfc_loans" time="0.146" /><testcase classname="backend.tests.test_bank_assignment.TestAdminSeesAllLoans" name="test_admin_sees_all_loans" time="0.109" /><testcase classname="backend.tests.test_bank_assignment.TestAnalyticsOverviewBankFiltering" name="test_agent_overview_filtered_by_bank" time="0.108" /><testcase classname="backend.tests.test_bank_assignment.TestAnalyticsOverviewBankFiltering" name="test_admin_overview_includes_all" time="0.102" /><testcase classname="backend.tests.test_bank_assignment.TestCreateUserWithAssignedBanks" name="test_register_user_with_assigned_banks" time="0.423" /><testcase classname="backend.tests.test_bank_assignment.TestClearAssignedBanks" name="test_clear_assigned_banks_shows_all_own_loans" time="0.418" /><testcase classname="backend.tests.test_bank_assignment.TestMasterBanksEndpoint" name="test_get_master_banks" time="0.168" /></testsuite></testsuites>