<?xml version="1.0" encoding="utf-8"?><testsuites name="pytest tests"><testsuite name="pytest" errors="0" failures="1" skipped="0" tests="16" time="6.679" timestamp="2026-09-02T08:57:40.000530+00:00" hostname="agent-env-c624cea2-b425-4dfd-b556-06acd1b6f60c"><testcase classname="tests.test_master_rename_propagation" name="test_master_entry_autocreated_from_loan[customers]" time="0.854" /><testcase classname="tests.test_master_rename_propagation" name="test_master_entry_autocreated_from_loan[executives]" time="0.076" /><testcase classname="tests.test_master_rename_propagation" name="test_master_entry_autocreated_from_loan[managers]" time="0.077" /><testcase classname="tests.test_master_rename_propagation" name="test_master_entry_autocreated_from_loan[banks]" time="0.071" /><testcase classname="tests.test_master_rename_propagation" name="test_master_entry_autocreated_from_loan[agents]" time="0.142" /><testcase classname="tests.test_master_rename_propagation" name="test_master_entry_autocreated_from_loan[companies]" time="0.071" /><testcase classname="tests.test_master_rename_propagation" name="test_rename_propagates_to_loans[customers]" time="0.583" /><testcase classname="tests.test_master_rename_propagation" name="test_rename_propagates_to_loans[executives]" time="0.600" /><testcase classname="tests.test_master_rename_propagation" name="test_rename_propagates_to_loans[managers]" time="0.584" /><testcase classname="tests.test_master_rename_propagation" name="test_rename_propagates_to_loans[banks]" time="0.580" /><testcase classname="tests.test_master_rename_propagation" name="test_rename_propagates_to_loans[agents]" time="0.604" /><testcase classname="tests.test_master_rename_propagation" name="test_rename_propagates_to_loans[companies]" time="0.580" /><testcase classname="tests.test_master_rename_propagation" name="test_non_admin_cannot_rename" time="0.470" /><testcase classname="tests.test_master_rename_propagation" name="test_duplicate_rename_rejected" time="0.148" /><testcase classname="tests.test_master_rename_propagation" name="test_rename_propagates_when_loan_value_has_whitespace" time="0.583"><failure message="AssertionError: Whitespace mismatch bug: loan customer_name is 'TEST_WS_Cust_1b9455 ' after renaming master 'TEST_WS_Cust_1b9455' -&gt; 'TEST_WS_Cust_1b9455_RENAMED'&#10;assert 'TEST_WS_Cust_1b9455' == 'TEST_WS_Cust_1b9455_RENAMED'&#10;  &#10;  - TEST_WS_Cust_1b9455_RENAMED&#10;  ?                    --------&#10;  + TEST_WS_Cust_1b9455">tests/test_master_rename_propagation.py:207: in test_rename_propagates_when_loan_value_has_whitespace
    assert loan["customer_name"].strip() == new_name, (
E   AssertionError: Whitespace mismatch bug: loan customer_name is 'TEST_WS_Cust_1b9455 ' after renaming master 'TEST_WS_Cust_1b9455' -&gt; 'TEST_WS_Cust_1b9455_RENAMED'
E   assert 'TEST_WS_Cust_1b9455' == 'TEST_WS_Cust_1b9455_RENAMED'
E     
E     - TEST_WS_Cust_1b9455_RENAMED
E     ?                    --------
E     + TEST_WS_Cust_1b9455</failure></testcase><testcase classname="tests.test_master_rename_propagation" name="test_rename_unknown_id_404" time="0.573" /></testsuite></testsuites>