<?xml version="1.0" encoding="utf-8"?><testsuites name="pytest tests"><testsuite name="pytest" errors="0" failures="0" skipped="0" tests="13" time="9.220" timestamp="2026-04-02T08:54:36.185302+00:00" hostname="agent-env-6e24ee89-42fd-4d5a-b900-bc8c8b2806db"><testcase classname="backend.tests.test_rbac_import.TestAuthAndRoles" name="test_admin_login" time="0.355" /><testcase classname="backend.tests.test_rbac_import.TestAuthAndRoles" name="test_manager_login" time="0.327" /><testcase classname="backend.tests.test_rbac_import.TestAuthAndRoles" name="test_agent_login_with_manager_id" time="0.329" /><testcase classname="backend.tests.test_rbac_import.TestRBACLoans" name="test_admin_sees_all_loans" time="0.446" /><testcase classname="backend.tests.test_rbac_import.TestRBACLoans" name="test_manager_sees_team_loans" time="0.970" /><testcase classname="backend.tests.test_rbac_import.TestRBACLoans" name="test_agent_sees_only_own_loans" time="1.078" /><testcase classname="backend.tests.test_rbac_import.TestRBACAnalytics" name="test_analytics_overview_respects_rbac" time="1.287" /><testcase classname="backend.tests.test_rbac_import.TestManagerLoanVisibility" name="test_manager_creates_loan_visibility" time="1.379" /><testcase classname="backend.tests.test_rbac_import.TestExportEndpoint" name="test_export_returns_excel" time="0.440" /><testcase classname="backend.tests.test_rbac_import.TestImportDuplicateDetection" name="test_import_unique_rows" time="1.090" /><testcase classname="backend.tests.test_rbac_import.TestImportDuplicateDetection" name="test_import_duplicate_rows" time="0.622" /><testcase classname="backend.tests.test_rbac_import.TestUserManagement" name="test_users_list_shows_manager" time="0.411" /><testcase classname="backend.tests.test_rbac_import.TestUserManagement" name="test_agent_has_manager_assigned" time="0.429" /></testsuite></testsuites>