<?xml version="1.0" encoding="utf-8"?><testsuites name="pytest tests"><testsuite name="pytest" errors="0" failures="0" skipped="0" tests="16" time="12.862" timestamp="2026-04-04T08:58:36.797588+00:00" hostname="agent-env-ee451ede-d1af-484c-b58f-64bbb9bc1ecd"><testcase classname="backend.tests.test_leaderboard_onboarding.TestTeamLeaderboard" name="test_admin_can_access_leaderboard" time="1.363" /><testcase classname="backend.tests.test_leaderboard_onboarding.TestTeamLeaderboard" name="test_manager_can_access_leaderboard" time="1.142" /><testcase classname="backend.tests.test_leaderboard_onboarding.TestTeamLeaderboard" name="test_agent_can_access_leaderboard" time="1.068" /><testcase classname="backend.tests.test_leaderboard_onboarding.TestTeamLeaderboard" name="test_leaderboard_entry_structure" time="1.060" /><testcase classname="backend.tests.test_leaderboard_onboarding.TestTeamLeaderboard" name="test_leaderboard_sorted_by_disbursed_amount" time="1.097" /><testcase classname="backend.tests.test_leaderboard_onboarding.TestTeamLeaderboard" name="test_leaderboard_ranks_are_sequential" time="1.077" /><testcase classname="backend.tests.test_leaderboard_onboarding.TestAgentOnboarding" name="test_register_basic_agent" time="0.754" /><testcase classname="backend.tests.test_leaderboard_onboarding.TestAgentOnboarding" name="test_register_agent_with_team_code" time="0.759" /><testcase classname="backend.tests.test_leaderboard_onboarding.TestAgentOnboarding" name="test_register_agent_with_assigned_banks" time="0.818" /><testcase classname="backend.tests.test_leaderboard_onboarding.TestAgentOnboarding" name="test_register_agent_with_categories_and_products" time="0.746" /><testcase classname="backend.tests.test_leaderboard_onboarding.TestAgentOnboarding" name="test_register_manager" time="0.791" /><testcase classname="backend.tests.test_leaderboard_onboarding.TestAgentOnboarding" name="test_register_duplicate_email_fails" time="0.419" /><testcase classname="backend.tests.test_leaderboard_onboarding.TestAgentOnboarding" name="test_master_banks_available" time="0.433" /><testcase classname="backend.tests.test_leaderboard_onboarding.TestAgentOnboarding" name="test_master_categories_available" time="0.419" /><testcase classname="backend.tests.test_leaderboard_onboarding.TestAgentOnboarding" name="test_master_products_available" time="0.422" /><testcase classname="backend.tests.test_leaderboard_onboarding.TestAgentOnboarding" name="test_users_list_for_manager_selection" time="0.419" /></testsuite></testsuites>