<?xml version="1.0" encoding="utf-8"?><testsuites name="pytest tests"><testsuite name="pytest" errors="0" failures="0" skipped="0" tests="19" time="4.163" timestamp="2026-04-14T07:53:12.555125+00:00" hostname="agent-env-81b32224-505e-47db-9944-b52368821fcb"><testcase classname="backend.tests.test_entry_status_feature.TestEntryStatusEndpoint" name="test_admin_login" time="0.512" /><testcase classname="backend.tests.test_entry_status_feature.TestEntryStatusEndpoint" name="test_create_test_loan_for_entry_status" time="0.151" /><testcase classname="backend.tests.test_entry_status_feature.TestEntryStatusEndpoint" name="test_toggle_entry_status_to_closed" time="0.115" /><testcase classname="backend.tests.test_entry_status_feature.TestEntryStatusEndpoint" name="test_verify_entry_status_persisted" time="0.130" /><testcase classname="backend.tests.test_entry_status_feature.TestEntryStatusEndpoint" name="test_toggle_entry_status_back_to_open" time="0.112" /><testcase classname="backend.tests.test_entry_status_feature.TestEntryStatusEndpoint" name="test_invalid_entry_status_value" time="0.112" /><testcase classname="backend.tests.test_entry_status_feature.TestEntryStatusEndpoint" name="test_manager_can_toggle_entry_status" time="0.677" /><testcase classname="backend.tests.test_entry_status_feature.TestEntryStatusEndpoint" name="test_cleanup_test_loan" time="0.105" /><testcase classname="backend.tests.test_entry_status_feature.TestCarryForwardExcludesClosed" name="test_setup_carry_forward_test_data" time="0.305" /><testcase classname="backend.tests.test_entry_status_feature.TestCarryForwardExcludesClosed" name="test_set_loan_to_closed" time="0.127" /><testcase classname="backend.tests.test_entry_status_feature.TestCarryForwardExcludesClosed" name="test_carry_forward_excludes_closed_and_disbursed" time="0.128" /><testcase classname="backend.tests.test_entry_status_feature.TestCarryForwardExcludesClosed" name="test_verify_closed_loan_not_carried" time="0.110" /><testcase classname="backend.tests.test_entry_status_feature.TestCarryForwardExcludesClosed" name="test_verify_disbursed_loan_not_carried" time="0.111" /><testcase classname="backend.tests.test_entry_status_feature.TestCarryForwardExcludesClosed" name="test_cleanup_carry_forward_test_data" time="0.606" /><testcase classname="backend.tests.test_entry_status_feature.TestExistingLoanCRUD" name="test_create_loan_with_default_entry_status" time="0.134" /><testcase classname="backend.tests.test_entry_status_feature.TestExistingLoanCRUD" name="test_update_loan_preserves_entry_status" time="0.258" /><testcase classname="backend.tests.test_entry_status_feature.TestExistingLoanCRUD" name="test_get_loan_includes_entry_status" time="0.124" /><testcase classname="backend.tests.test_entry_status_feature.TestExistingLoanCRUD" name="test_list_loans_includes_entry_status" time="0.105" /><testcase classname="backend.tests.test_entry_status_feature.TestExistingLoanCRUD" name="test_delete_loan_works" time="0.125" /></testsuite></testsuites>