<?xml version="1.0" encoding="utf-8"?><testsuites name="pytest tests"><testsuite name="pytest" errors="0" failures="0" skipped="0" tests="13" time="6.912" timestamp="2026-04-08T10:58:45.709902+00:00" hostname="agent-env-1a82b7e2-1a38-4600-a279-2951d1e5e89b"><testcase classname="backend.tests.test_rbac_data_visibility.TestRBACDataVisibility" name="test_admin_login" time="0.487" /><testcase classname="backend.tests.test_rbac_data_visibility.TestRBACDataVisibility" name="test_manager_login" time="0.324" /><testcase classname="backend.tests.test_rbac_data_visibility.TestRBACDataVisibility" name="test_agent_login" time="0.321" /><testcase classname="backend.tests.test_rbac_data_visibility.TestRBACDataVisibility" name="test_agent_sees_loans_with_empty_category" time="0.753" /><testcase classname="backend.tests.test_rbac_data_visibility.TestRBACDataVisibility" name="test_agent_sees_loans_with_empty_product" time="0.762" /><testcase classname="backend.tests.test_rbac_data_visibility.TestRBACDataVisibility" name="test_agent_sees_loans_with_both_empty_category_and_product" time="0.743" /><testcase classname="backend.tests.test_rbac_data_visibility.TestRBACDataVisibility" name="test_agent_sees_loans_with_assigned_category_and_product" time="0.755" /><testcase classname="backend.tests.test_rbac_data_visibility.TestRBACDataVisibility" name="test_agent_analytics_overview" time="0.438" /><testcase classname="backend.tests.test_rbac_data_visibility.TestRBACDataVisibility" name="test_agent_analytics_team_leaderboard" time="0.361" /><testcase classname="backend.tests.test_rbac_data_visibility.TestRBACDataVisibility" name="test_agent_analytics_unique_values" time="0.385" /><testcase classname="backend.tests.test_rbac_data_visibility.TestRBACDataVisibility" name="test_admin_sees_all_loans" time="0.397" /><testcase classname="backend.tests.test_rbac_data_visibility.TestRBACDataVisibility" name="test_admin_analytics_overview" time="0.394" /><testcase classname="backend.tests.test_rbac_data_visibility.TestRBACDataVisibility" name="test_agent_can_create_loan" time="0.686" /></testsuite></testsuites>