<?xml version="1.0" encoding="utf-8"?><testsuites name="pytest tests"><testsuite name="pytest" errors="0" failures="0" skipped="0" tests="9" time="4.157" timestamp="2026-04-02T11:34:11.731706+00:00" hostname="agent-env-6e24ee89-42fd-4d5a-b900-bc8c8b2806db"><testcase classname="backend.tests.test_edit_delete.TestEditDeleteEndpoints" name="test_admin_can_edit_loan" time="0.498" /><testcase classname="backend.tests.test_edit_delete.TestEditDeleteEndpoints" name="test_agent_can_edit_own_loan" time="0.784" /><testcase classname="backend.tests.test_edit_delete.TestEditDeleteEndpoints" name="test_edit_nonexistent_loan_returns_404" time="0.407" /><testcase classname="backend.tests.test_edit_delete.TestEditDeleteEndpoints" name="test_admin_can_delete_loan" time="0.459" /><testcase classname="backend.tests.test_edit_delete.TestEditDeleteEndpoints" name="test_agent_cannot_delete_loan" time="0.754" /><testcase classname="backend.tests.test_edit_delete.TestEditDeleteEndpoints" name="test_delete_nonexistent_loan_returns_404" time="0.404" /><testcase classname="backend.tests.test_edit_delete.TestEditDeleteEndpoints" name="test_edit_all_loan_fields" time="0.527" /><testcase classname="backend.tests.test_edit_delete.TestRBACForEditDelete" name="test_unauthenticated_cannot_edit" time="0.161" /><testcase classname="backend.tests.test_edit_delete.TestRBACForEditDelete" name="test_unauthenticated_cannot_delete" time="0.112" /></testsuite></testsuites>