<?xml version="1.0" encoding="utf-8"?><testsuites name="pytest tests"><testsuite name="pytest" errors="0" failures="0" skipped="0" tests="9" time="15.161" timestamp="2026-09-02T09:03:34.859367+00:00" hostname="agent-env-c624cea2-b425-4dfd-b556-06acd1b6f60c"><testcase classname="tests.test_master_rename_edge_cases" name="test_rename_tolerates_whitespace_and_case[customers]" time="4.635" /><testcase classname="tests.test_master_rename_edge_cases" name="test_rename_tolerates_whitespace_and_case[executives]" time="3.047" /><testcase classname="tests.test_master_rename_edge_cases" name="test_rename_tolerates_whitespace_and_case[managers]" time="1.702" /><testcase classname="tests.test_master_rename_edge_cases" name="test_rename_tolerates_whitespace_and_case[banks]" time="1.360" /><testcase classname="tests.test_master_rename_edge_cases" name="test_rename_tolerates_whitespace_and_case[agents]" time="1.421" /><testcase classname="tests.test_master_rename_edge_cases" name="test_rename_tolerates_whitespace_and_case[companies]" time="1.272" /><testcase classname="tests.test_master_rename_edge_cases" name="test_rename_with_regex_metacharacters" time="0.782" /><testcase classname="tests.test_master_rename_edge_cases" name="test_rename_does_not_affect_prefix_matches" time="0.822" /><testcase classname="tests.test_master_rename_edge_cases" name="test_no_untrimmed_loan_fields_remain" time="0.061" /></testsuite></testsuites>