<?xml version="1.0" encoding="utf-8"?><testsuites name="pytest tests"><testsuite name="pytest" errors="0" failures="0" skipped="0" tests="18" time="4.075" timestamp="2026-04-04T09:09:54.252983+00:00" hostname="agent-env-ee451ede-d1af-484c-b58f-64bbb9bc1ecd"><testcase classname="backend.tests.test_target_tracking.TestTargetCRUD" name="test_admin_can_create_target" time="0.521" /><testcase classname="backend.tests.test_target_tracking.TestTargetCRUD" name="test_manager_can_create_target" time="0.430" /><testcase classname="backend.tests.test_target_tracking.TestTargetCRUD" name="test_agent_cannot_create_target" time="0.460" /><testcase classname="backend.tests.test_target_tracking.TestTargetCRUD" name="test_admin_can_update_target" time="0.201" /><testcase classname="backend.tests.test_target_tracking.TestTargetCRUD" name="test_get_all_targets" time="0.128" /><testcase classname="backend.tests.test_target_tracking.TestTargetCRUD" name="test_get_targets_filtered_by_month" time="0.100" /><testcase classname="backend.tests.test_target_tracking.TestTargetCRUD" name="test_target_has_required_fields" time="0.101" /><testcase classname="backend.tests.test_target_tracking.TestTargetCRUD" name="test_admin_can_delete_target" time="0.207" /><testcase classname="backend.tests.test_target_tracking.TestTargetCRUD" name="test_manager_can_delete_target" time="0.260" /><testcase classname="backend.tests.test_target_tracking.TestTargetCRUD" name="test_agent_cannot_delete_target" time="0.193" /><testcase classname="backend.tests.test_target_tracking.TestLeaderboardWithTargets" name="test_leaderboard_returns_target_fields" time="0.103" /><testcase classname="backend.tests.test_target_tracking.TestLeaderboardWithTargets" name="test_leaderboard_with_month_filter" time="0.102" /><testcase classname="backend.tests.test_target_tracking.TestLeaderboardWithTargets" name="test_target_progress_calculation" time="0.195" /><testcase classname="backend.tests.test_target_tracking.TestLeaderboardWithTargets" name="test_leaderboard_has_all_required_fields" time="0.099" /><testcase classname="backend.tests.test_target_tracking.TestTargetValidation" name="test_target_requires_agent_name" time="0.099" /><testcase classname="backend.tests.test_target_tracking.TestTargetValidation" name="test_target_requires_month" time="0.107" /><testcase classname="backend.tests.test_target_tracking.TestTargetValidation" name="test_target_amount_defaults_to_zero" time="0.200" /><testcase classname="backend.tests.test_target_tracking.TestCleanup" name="test_cleanup_test_targets" time="0.500" /></testsuite></testsuites>