<?xml version="1.0" encoding="utf-8"?><testsuites name="pytest tests"><testsuite name="pytest" errors="0" failures="0" skipped="0" tests="19" time="8.790" timestamp="2026-04-02T07:58:16.384615+00:00" hostname="agent-env-6e24ee89-42fd-4d5a-b900-bc8c8b2806db"><testcase classname="backend.tests.test_mis_dashboard.TestAuthentication" name="test_admin_login_success" time="0.394" /><testcase classname="backend.tests.test_mis_dashboard.TestAuthentication" name="test_agent_login_success" time="0.328" /><testcase classname="backend.tests.test_mis_dashboard.TestAuthentication" name="test_login_invalid_credentials" time="0.140" /><testcase classname="backend.tests.test_mis_dashboard.TestAuthentication" name="test_get_current_user" time="0.446" /><testcase classname="backend.tests.test_mis_dashboard.TestRBAC" name="test_admin_sees_all_loans" time="0.430" /><testcase classname="backend.tests.test_mis_dashboard.TestRBAC" name="test_agent_sees_only_own_loans" time="0.415" /><testcase classname="backend.tests.test_mis_dashboard.TestRBAC" name="test_admin_can_access_users_endpoint" time="0.426" /><testcase classname="backend.tests.test_mis_dashboard.TestRBAC" name="test_agent_cannot_access_users_endpoint" time="0.421" /><testcase classname="backend.tests.test_mis_dashboard.TestRBAC" name="test_admin_can_delete_loan" time="0.529" /><testcase classname="backend.tests.test_mis_dashboard.TestRBAC" name="test_agent_cannot_delete_loan" time="0.951" /><testcase classname="backend.tests.test_mis_dashboard.TestLoansCRUD" name="test_create_loan" time="0.533" /><testcase classname="backend.tests.test_mis_dashboard.TestLoansCRUD" name="test_get_loans_list" time="0.432" /><testcase classname="backend.tests.test_mis_dashboard.TestLoansCRUD" name="test_update_loan" time="0.640" /><testcase classname="backend.tests.test_mis_dashboard.TestAnalytics" name="test_analytics_overview" time="0.408" /><testcase classname="backend.tests.test_mis_dashboard.TestAnalytics" name="test_analytics_by_bank" time="0.439" /><testcase classname="backend.tests.test_mis_dashboard.TestAnalytics" name="test_analytics_by_agent" time="0.430" /><testcase classname="backend.tests.test_mis_dashboard.TestAnalytics" name="test_analytics_unique_values" time="0.424" /><testcase classname="backend.tests.test_mis_dashboard.TestSchemesAndStatuses" name="test_get_schemes" time="0.468" /><testcase classname="backend.tests.test_mis_dashboard.TestSchemesAndStatuses" name="test_get_statuses" time="0.426" /></testsuite></testsuites>