<?xml version="1.0" encoding="utf-8"?><testsuites name="pytest tests"><testsuite name="pytest" errors="0" failures="1" skipped="0" tests="21" time="4.423" timestamp="2026-08-06T12:00:07.595982+00:00" hostname="agent-env-c624cea2-b425-4dfd-b556-06acd1b6f60c"><testcase classname="tests.test_master_sync_migration" name="test_master_list_non_empty[customers]" time="0.659" /><testcase classname="tests.test_master_sync_migration" name="test_master_list_non_empty[executives]" time="0.069" /><testcase classname="tests.test_master_sync_migration" name="test_master_list_non_empty[managers]" time="0.076" /><testcase classname="tests.test_master_sync_migration" name="test_customers_have_name_and_contact_field" time="0.079"><failure message="AssertionError: missing contact_no: {'id': 'd10dfbca-f14a-4ad6-8389-85ed254deae4', 'name': 'Amit Kumar', 'created_at': '2026-08-06T11:01:08.704702+00:00', 'created_by': 'b4a9369f-4d59-4915-a913-fc7784b3bd89'}&#10;assert 'contact_no' in {'created_at': '2026-08-06T11:01:08.704702+00:00', 'created_by': 'b4a9369f-4d59-4915-a913-fc7784b3bd89', 'id': 'd10dfbca-f14a-4ad6-8389-85ed254deae4', 'name': 'Amit Kumar'}">tests/test_master_sync_migration.py:56: in test_customers_have_name_and_contact_field
    assert "contact_no" in item, f"missing contact_no: {item}"
E   AssertionError: missing contact_no: {'id': 'd10dfbca-f14a-4ad6-8389-85ed254deae4', 'name': 'Amit Kumar', 'created_at': '2026-08-06T11:01:08.704702+00:00', 'created_by': 'b4a9369f-4d59-4915-a913-fc7784b3bd89'}
E   assert 'contact_no' in {'created_at': '2026-08-06T11:01:08.704702+00:00', 'created_by': 'b4a9369f-4d59-4915-a913-fc7784b3bd89', 'id': 'd10dfbca-f14a-4ad6-8389-85ed254deae4', 'name': 'Amit Kumar'}</failure></testcase><testcase classname="tests.test_master_sync_migration" name="test_all_loan_customers_synced" time="0.146" /><testcase classname="tests.test_master_sync_migration" name="test_all_loan_executives_synced" time="0.068" /><testcase classname="tests.test_master_sync_migration" name="test_all_loan_managers_synced" time="0.070" /><testcase classname="tests.test_master_sync_migration" name="test_no_duplicate_names[customers]" time="0.067" /><testcase classname="tests.test_master_sync_migration" name="test_no_duplicate_names[executives]" time="0.069" /><testcase classname="tests.test_master_sync_migration" name="test_no_duplicate_names[managers]" time="0.068" /><testcase classname="tests.test_master_sync_migration" name="test_synced_customer_contact_matches_loan" time="0.068" /><testcase classname="tests.test_master_customers_execs_managers" name="test_get_returns_array[customers]" time="0.456" /><testcase classname="tests.test_master_customers_execs_managers" name="test_get_returns_array[executives]" time="0.075" /><testcase classname="tests.test_master_customers_execs_managers" name="test_get_returns_array[managers]" time="0.080" /><testcase classname="tests.test_master_customers_execs_managers" name="test_customer_create_persist_update_delete" time="0.558" /><testcase classname="tests.test_master_customers_execs_managers" name="test_customer_missing_name_400" time="0.075" /><testcase classname="tests.test_master_customers_execs_managers" name="test_simple_master_crud[executives-TEST_Exec_QA]" time="0.488" /><testcase classname="tests.test_master_customers_execs_managers" name="test_simple_master_crud[managers-TEST_Mgr_QA]" time="0.528" /><testcase classname="tests.test_master_customers_execs_managers" name="test_requires_auth[customers]" time="0.165" /><testcase classname="tests.test_master_customers_execs_managers" name="test_requires_auth[executives]" time="0.210" /><testcase classname="tests.test_master_customers_execs_managers" name="test_requires_auth[managers]" time="0.224" /></testsuite></testsuites>